Arguments: 
  /usr/local/bin/node /usr/local/Cellar/yarn/1.5.1/libexec/bin/yarn.js install

PATH: 
  /Users/alex/Source/go:/Users/alex/cuvva/go/bin:/Users/alex/bin:/usr/local/bin:/Library/Frameworks/Python.framework/Versions/3.6/bin:/Library/Frameworks/Python.framework/Versions/2.7/bin:/usr/local/bin:/usr/bin:/bin:/usr/sbin:/sbin:/Applications/VMware Fusion.app/Contents/Public:/usr/local/go/bin:/usr/local/MacGPG2/bin:/usr/local/share/dotnet:/Users/alex/Source/go:/Users/alex/cuvva/go/bin:/Users/alex/bin:/Library/Frameworks/Python.framework/Versions/3.6/bin:/Library/Frameworks/Python.framework/Versions/2.7/bin

Yarn version: 
  1.5.1

Node version: 
  9.8.0

Platform: 
  darwin x64

npm manifest: 
  {
    "name": "/version-routing",
    "version": "0.0.0",
    "private": false,
  
    "license": "MIT",
    "author": "Cuvva (https://cuvva.com/",
  
    "main": "lib/index.js",
  
    "scripts": {
      "test": "echo \"Error: no test specified\" && exit 0"
    },
  
    "dependencies": {
  	  "/branch-log": "file:../log-node"
    }
  }

yarn manifest: 
  No manifest

Lockfile: 
  No lockfile

Trace: 
  Error: package.json: Name contains illegal characters
      at new MessageError (/usr/local/Cellar/yarn/1.5.1/libexec/lib/cli.js:186:110)
      at module.exports.exports.default (/usr/local/Cellar/yarn/1.5.1/libexec/lib/cli.js:37549:13)
      at /usr/local/Cellar/yarn/1.5.1/libexec/lib/cli.js:52434:51
      at Generator.next (<anonymous>)
      at step (/usr/local/Cellar/yarn/1.5.1/libexec/lib/cli.js:98:30)
      at /usr/local/Cellar/yarn/1.5.1/libexec/lib/cli.js:109:13
      at <anonymous>
